<?xml version="1.0" encoding="UTF-8"?>
<!-- Generated by org.testng.reporters.JUnitXMLReporter -->
<testsuite ignored="14" hostname="DESKTOP-7S3CMQR" failures="0" tests="10" name="Test" time="164.478" errors="0" timestamp="2026-05-02T11:38:25 IST">
  <testcase classname="test.hometest" name="logoTest" time="2.87"/>
  <testcase classname="test.hometest" name="mouseHoverTest" time="1.315"/>
  <testcase classname="test.hometest" name="titleTest" time="0.161"/>
  <testcase classname="test.registrationtest" name="gotoTest" time="10.872"/>
  <testcase classname="test.logintest" name="loginDataTest" time="46.716"/>
  <testcase classname="test.logintest" name="loginTest" time="5.613"/>
  <testcase classname="test.searchproducttest" name="searchTest" time="8.16"/>
  <testcase classname="test.addtocarttest" name="addtocartTest" time="14.255"/>
  <testcase classname="test.producttest" name="addProduct" time="11.767"/>
  <testcase classname="test.checkouttest" name="checkoutPageTest" time="10.344"/>
  <testcase classname="base.technobase" name="@AfterTest tearDown" time="0.0">
    <ignored/>
  </testcase> <!-- @AfterTest tearDown -->
  <testcase classname="base.technobase" name="@BeforeTest setUp" time="0.0">
    <ignored/>
  </testcase> <!-- @BeforeTest setUp -->
  <testcase classname="base.technobase" name="@BeforeTest setUp" time="0.0">
    <ignored/>
  </testcase> <!-- @BeforeTest setUp -->
  <testcase classname="base.technobase" name="@AfterTest tearDown" time="0.0">
    <ignored/>
  </testcase> <!-- @AfterTest tearDown -->
  <testcase classname="base.technobase" name="@AfterTest tearDown" time="0.0">
    <ignored/>
  </testcase> <!-- @AfterTest tearDown -->
  <testcase classname="base.technobase" name="@AfterTest tearDown" time="0.0">
    <ignored/>
  </testcase> <!-- @AfterTest tearDown -->
  <testcase classname="base.technobase" name="@AfterTest tearDown" time="0.0">
    <ignored/>
  </testcase> <!-- @AfterTest tearDown -->
  <testcase classname="base.technobase" name="@BeforeTest setUp" time="0.0">
    <ignored/>
  </testcase> <!-- @BeforeTest setUp -->
  <testcase classname="base.technobase" name="@BeforeTest setUp" time="0.0">
    <ignored/>
  </testcase> <!-- @BeforeTest setUp -->
  <testcase classname="base.technobase" name="@AfterTest tearDown" time="0.0">
    <ignored/>
  </testcase> <!-- @AfterTest tearDown -->
  <testcase classname="base.technobase" name="@BeforeTest setUp" time="0.0">
    <ignored/>
  </testcase> <!-- @BeforeTest setUp -->
  <testcase classname="base.technobase" name="@AfterTest tearDown" time="0.0">
    <ignored/>
  </testcase> <!-- @AfterTest tearDown -->
  <testcase classname="base.technobase" name="@BeforeTest setUp" time="0.0">
    <ignored/>
  </testcase> <!-- @BeforeTest setUp -->
  <testcase classname="base.technobase" name="@BeforeTest setUp" time="0.0">
    <ignored/>
  </testcase> <!-- @BeforeTest setUp -->
</testsuite> <!-- Test -->
