<?xml version="1.0" encoding="UTF-8"?>
<!-- Generated by org.testng.reporters.JUnitReportReporter -->
<testsuite hostname="DESKTOP-7S3CMQR" failures="0" tests="3" name="test.hometest" time="5.034" errors="0" timestamp="2026-05-02T11:38:25 IST" skipped="0">
  <testcase classname="test.hometest" name="mouseHoverTest" time="1.991"/>
  <testcase classname="test.hometest" name="logoTest" time="2.877"/>
  <testcase classname="test.hometest" name="titleTest" time="0.166"/>
</testsuite> <!-- test.hometest -->
